<?xml version="1.0" encoding="UTF-8"?>
<testng-results ignored="0" total="1" passed="1" failed="0" skipped="0">
  <reporter-output>
  </reporter-output>
  <suite started-at="2020-05-11T13:36:39 IST" name="Default suite" finished-at="2020-05-11T13:36:50 IST" duration-ms="10271">
    <groups>
    </groups>
    <test started-at="2020-05-11T13:36:39 IST" name="Default test" finished-at="2020-05-11T13:36:50 IST" duration-ms="10271">
      <class name="Testcases.Loginapplicationtests">
        <test-method signature="login()[pri:0, instance:Testcases.Loginapplicationtests@5b0abc94]" started-at="2020-05-11T13:36:39 IST" name="login" finished-at="2020-05-11T13:36:50 IST" duration-ms="10238" status="PASS">
          <reporter-output>
          </reporter-output>
        </test-method> <!-- login -->
      </class> <!-- Testcases.Loginapplicationtests -->
    </test> <!-- Default test -->
  </suite> <!-- Default suite -->
</testng-results>
